Build started 5/19/2019 5:52:12 PM.
     1>Project "C:\Users\Abdullah Ch\Documents\Visual Studio 2013\Projects\ConsoleApplication210\ConsoleApplication210\ConsoleApplication210.vcxproj" on node 2 (Build target(s)).
     1>ClCompile:
         C:\Program Files (x86)\Microsoft Visual Studio 12.0\VC\bin\CL.exe /c /ZI /nologo /W3 /WX- /sdl /Od /Oy- /D WIN32 /D _DEBUG /D _CONSOLE /D _LIB /D _UNICODE /D UNICODE /Gm /EHsc /RTC1 /MDd /GS /fp:precise /Zc:wchar_t /Zc:forScope /Yu"stdafx.h" /Fp"Debug\ConsoleApplication210.pch" /Fo"Debug\\" /Fd"Debug\vc120.pdb" /Gd /TP /analyze- /errorReport:prompt Department.cpp Driver.cpp
         Driver.cpp
         Department.cpp
         Generating Code...
       Link:
         C:\Program Files (x86)\Microsoft Visual Studio 12.0\VC\bin\link.exe /ERRORREPORT:PROMPT /OUT:"C:\Users\Abdullah Ch\Documents\Visual Studio 2013\Projects\ConsoleApplication210\Debug\ConsoleApplication210.exe" /INCREMENTAL /NOLOGO kernel32.lib user32.lib gdi32.lib winspool.lib comdlg32.lib advapi32.lib shell32.lib ole32.lib oleaut32.lib uuid.lib odbc32.lib odbccp32.lib /MANIFEST /MANIFESTUAC:"level='asInvoker' uiAccess='false'" /manifest:embed /DEBUG /PDB:"C:\Users\Abdullah Ch\Documents\Visual Studio 2013\Projects\ConsoleApplication210\Debug\ConsoleApplication210.pdb" /SUBSYSTEM:CONSOLE /TLBID:1 /DYNAMICBASE /NXCOMPAT /IMPLIB:"C:\Users\Abdullah Ch\Documents\Visual Studio 2013\Projects\ConsoleApplication210\Debug\ConsoleApplication210.lib" /MACHINE:X86 Debug\Department.obj
         Debug\Driver.obj
         Debug\Faculty.obj
         Debug\Person.obj
         Debug\stdafx.obj
         Debug\Student.obj
         Debug\Teacher.obj
         "Debug\Temporary Faculty.obj"
         Debug\University.obj
         ConsoleApplication210.vcxproj -> C:\Users\Abdullah Ch\Documents\Visual Studio 2013\Projects\ConsoleApplication210\Debug\ConsoleApplication210.exe
     1>Done Building Project "C:\Users\Abdullah Ch\Documents\Visual Studio 2013\Projects\ConsoleApplication210\ConsoleApplication210\ConsoleApplication210.vcxproj" (Build target(s)).

Build succeeded.

Time Elapsed 00:00:01.65
